
# There is insufficient memory for the Java Runtime Environment to continue.
# Native memory allocation (malloc) failed to allocate 334096 bytes for Chunk::new
# Possible reasons:
#   The system is out of physical RAM or swap space
#   The process is running with CompressedOops enabled, and the Java Heap may be blocking the growth of the native heap
# Possible solutions:
#   Reduce memory load on the system
#   Increase physical memory or swap space
#   Check if swap backing store is full
#   Decrease Java heap size (-Xmx/-Xms)
#   Decrease number of Java threads
#   Decrease Java thread stack sizes (-Xss)
#   Set larger code cache with -XX:ReservedCodeCacheSize=
#   JVM is running with Unscaled Compressed Oops mode in which the Java heap is
#     placed in the first 4GB address space. The Java Heap base address is the
#     maximum limit for the native heap growth. Please use -XX:HeapBaseMinAddress
#     to set the Java Heap base and to place the Java Heap above 4GB virtual address.
# This output file may be truncated or incomplete.
#
#  Out of Memory Error (./open/src/hotspot/share/memory/arena.cpp:197), pid=12488, tid=24732
#
# JRE version: Java(TM) SE Runtime Environment 18.9 (11.0.12+8) (build 11.0.12+8-LTS-237)
# Java VM: Java HotSpot(TM) 64-Bit Server VM 18.9 (11.0.12+8-LTS-237, mixed mode, tiered, compressed oops, g1 gc, windows-amd64)
# No core dump will be written. Minidumps are not enabled by default on client versions of Windows
#

---------------  S U M M A R Y ------------

Command Line: -agentlib:jdwp=transport=dt_socket,address=127.0.0.1:50417,suspend=y,server=n -javaagent:C:\Users\mahesh.joshi\AppData\Local\JetBrains\IdeaIC2021.3\captureAgent\debugger-agent.jar -Dfile.encoding=UTF-8 com.tui.RepoApplication

Host: Intel(R) Core(TM) i5-8365U CPU @ 1.60GHz, 8 cores, 7G,  Windows 10 , 64 bit Build 22000 (10.0.22000.613)
Time: Fri May 13 15:19:10 2022 GMT Daylight Time elapsed time: 12.865471 seconds (0d 0h 0m 12s)

---------------  T H R E A D  ---------------

Current thread (0x000001fd83f59000):  JavaThread "C2 CompilerThread0" daemon [_thread_in_native, id=24732, stack(0x000000379cb00000,0x000000379cc00000)]


Current CompileTask:
C2:  12865 3322       4       org.springframework.beans.factory.support.AbstractBeanFactory::isTypeMatch (607 bytes)

Stack: [0x000000379cb00000,0x000000379cc00000]
Native frames: (J=compiled Java code, j=interpreted, Vv=VM code, C=native code)
V  [jvm.dll+0x617d9a]
V  [jvm.dll+0x74eeef]
V  [jvm.dll+0x750599]
V  [jvm.dll+0x750c23]
V  [jvm.dll+0x2438d8]
V  [jvm.dll+0xba6dc]
V  [jvm.dll+0xbac9c]
V  [jvm.dll+0x5124db]
V  [jvm.dll+0x3147d2]
V  [jvm.dll+0x313aea]
V  [jvm.dll+0x1fd105]
V  [jvm.dll+0x1fc2ed]
V  [jvm.dll+0x17f18c]
V  [jvm.dll+0x20b87c]
V  [jvm.dll+0x20997b]
V  [jvm.dll+0x716359]
V  [jvm.dll+0x70f064]
V  [jvm.dll+0x616f66]
C  [ucrtbase.dll+0x26c0c]
C  [KERNEL32.DLL+0x154e0]
C  [ntdll.dll+0x485b]


---------------  P R O C E S S  ---------------

Threads class SMR info:
_java_thread_list=0x000001fd851f8b00, length=18, elements={
0x000001fde4928000, 0x000001fdff5e3000, 0x000001fdff5ec800, 0x000001fdff5f8800,
0x000001fd83f53800, 0x000001fd83f57000, 0x000001fd83f59000, 0x000001fd83f5c000,
0x000001fd83f5f000, 0x000001fdff598800, 0x000001fd84363000, 0x000001fd842da000,
0x000001fd842db000, 0x000001fd84819800, 0x000001fd851c9800, 0x000001fd8741d800,
0x000001fd87879800, 0x000001fd889b8800
}

Java Threads: ( => current thread )
  0x000001fde4928000 JavaThread "main" [_thread_blocked, id=10872, stack(0x000000379bf00000,0x000000379c000000)]
  0x000001fdff5e3000 JavaThread "Reference Handler" daemon [_thread_blocked, id=7104, stack(0x000000379c600000,0x000000379c700000)]
  0x000001fdff5ec800 JavaThread "Finalizer" daemon [_thread_blocked, id=30048, stack(0x000000379c700000,0x000000379c800000)]
  0x000001fdff5f8800 JavaThread "Signal Dispatcher" daemon [_thread_blocked, id=32392, stack(0x000000379c800000,0x000000379c900000)]
  0x000001fd83f53800 JavaThread "Attach Listener" daemon [_thread_blocked, id=30976, stack(0x000000379c900000,0x000000379ca00000)]
  0x000001fd83f57000 JavaThread "Service Thread" daemon [_thread_blocked, id=22624, stack(0x000000379ca00000,0x000000379cb00000)]
=>0x000001fd83f59000 JavaThread "C2 CompilerThread0" daemon [_thread_in_native, id=24732, stack(0x000000379cb00000,0x000000379cc00000)]
  0x000001fd83f5c000 JavaThread "C1 CompilerThread0" daemon [_thread_blocked, id=31204, stack(0x000000379cc00000,0x000000379cd00000)]
  0x000001fd83f5f000 JavaThread "Sweeper thread" daemon [_thread_blocked, id=25868, stack(0x000000379cd00000,0x000000379ce00000)]
  0x000001fdff598800 JavaThread "Common-Cleaner" daemon [_thread_blocked, id=31708, stack(0x000000379ce00000,0x000000379cf00000)]
  0x000001fd84363000 JavaThread "JDWP Transport Listener: dt_socket" daemon [_thread_blocked, id=3032, stack(0x000000379cf00000,0x000000379d000000)]
  0x000001fd842da000 JavaThread "JDWP Event Helper Thread" daemon [_thread_blocked, id=28104, stack(0x000000379d000000,0x000000379d100000)]
  0x000001fd842db000 JavaThread "JDWP Command Reader" daemon [_thread_in_native, id=26008, stack(0x000000379d100000,0x000000379d200000)]
  0x000001fd84819800 JavaThread "Thread-0" [_thread_blocked, id=19644, stack(0x000000379d400000,0x000000379d500000)]
  0x000001fd851c9800 JavaThread "restartedMain" [_thread_in_native, id=16688, stack(0x000000379d500000,0x000000379d600000)]
  0x000001fd8741d800 JavaThread "Catalina-utility-1" [_thread_blocked, id=8124, stack(0x000000379d600000,0x000000379d700000)]
  0x000001fd87879800 JavaThread "Catalina-utility-2" [_thread_blocked, id=28668, stack(0x000000379de00000,0x000000379df00000)]
  0x000001fd889b8800 JavaThread "container-0" [_thread_blocked, id=22084, stack(0x000000379df00000,0x000000379e000000)]

Other Threads:
  0x000001fdff5dc800 VMThread "VM Thread" [stack: 0x000000379c500000,0x000000379c600000] [id=19044]
  0x000001fd841f6000 WatcherThread [stack: 0x000000379d200000,0x000000379d300000] [id=28564]
  0x000001fde493e000 GCTaskThread "GC Thread#0" [stack: 0x000000379c000000,0x000000379c100000] [id=24796]
  0x000001fd84fb8800 GCTaskThread "GC Thread#1" [stack: 0x000000379d300000,0x000000379d400000] [id=10832]
  0x000001fd856ae800 GCTaskThread "GC Thread#2" [stack: 0x000000379d700000,0x000000379d800000] [id=27420]
  0x000001fd859bf800 GCTaskThread "GC Thread#3" [stack: 0x000000379d800000,0x000000379d900000] [id=29724]
  0x000001fd85c30800 GCTaskThread "GC Thread#4" [stack: 0x000000379d900000,0x000000379da00000] [id=24356]
  0x000001fd85c9a800 GCTaskThread "GC Thread#5" [stack: 0x000000379da00000,0x000000379db00000] [id=3140]
  0x000001fd85817000 GCTaskThread "GC Thread#6" [stack: 0x000000379db00000,0x000000379dc00000] [id=28376]
  0x000001fd85ad8000 GCTaskThread "GC Thread#7" [stack: 0x000000379dc00000,0x000000379dd00000] [id=28700]
  0x000001fde496c800 ConcurrentGCThread "G1 Main Marker" [stack: 0x000000379c100000,0x000000379c200000] [id=20124]
  0x000001fde496f000 ConcurrentGCThread "G1 Conc#0" [stack: 0x000000379c200000,0x000000379c300000] [id=24460]
  0x000001fd85112000 ConcurrentGCThread "G1 Conc#1" [stack: 0x000000379dd00000,0x000000379de00000] [id=21488]
  0x000001fde49ce000 ConcurrentGCThread "G1 Refine#0" [stack: 0x000000379c300000,0x000000379c400000] [id=21380]
  0x000001fdff434800 ConcurrentGCThread "G1 Young RemSet Sampling" [stack: 0x000000379c400000,0x000000379c500000] [id=24492]

Threads with active compile tasks:
C2 CompilerThread0  12984 3322       4       org.springframework.beans.factory.support.AbstractBeanFactory::isTypeMatch (607 bytes)

VM state:not at safepoint (normal execution)

VM Mutex/Monitor currently owned by a thread: None

Heap address: 0x0000000084600000, size: 1978 MB, Compressed Oops mode: 32-bit
Narrow klass base: 0x0000000000000000, Narrow klass shift: 3
Compressed class space size: 1073741824 Address: 0x0000000100000000

Heap:
 garbage-first heap   total 126976K, used 19016K [0x0000000084600000, 0x0000000100000000)
  region size 1024K, 16 young (16384K), 8 survivors (8192K)
 Metaspace       used 35463K, capacity 36537K, committed 36608K, reserved 1081344K
  class space    used 4073K, capacity 4480K, committed 4480K, reserved 1048576K
Heap Regions: E=young(eden), S=young(survivor), O=old, HS=humongous(starts), HC=humongous(continues), CS=collection set, F=free, A=archive, TAMS=top-at-mark-start (previous, next)
|   0|0x0000000084600000, 0x0000000084700000, 0x0000000084700000|100%| O|  |TAMS 0x0000000084700000, 0x0000000084600000| Untracked 
|   1|0x0000000084700000, 0x0000000084800000, 0x0000000084800000|100%| O|  |TAMS 0x0000000084800000, 0x0000000084700000| Untracked 
|   2|0x0000000084800000, 0x0000000084900000, 0x0000000084900000|100%| O|  |TAMS 0x0000000084900000, 0x0000000084800000| Untracked 
|   3|0x0000000084900000, 0x0000000084a00000, 0x0000000084a00000|100%| O|  |TAMS 0x0000000084a00000, 0x0000000084900000| Untracked 
|   4|0x0000000084a00000, 0x0000000084a59600, 0x0000000084b00000| 34%| O|  |TAMS 0x0000000084a59600, 0x0000000084a00000| Untracked 
|   5|0x0000000084b00000, 0x0000000084b00000, 0x0000000084c00000|  0%| F|  |TAMS 0x0000000084b00000, 0x0000000084b00000| Untracked 
|   6|0x0000000084c00000, 0x0000000084c00000, 0x0000000084d00000|  0%| F|  |TAMS 0x0000000084c00000, 0x0000000084c00000| Untracked 
|   7|0x0000000084d00000, 0x0000000084d00000, 0x0000000084e00000|  0%| F|  |TAMS 0x0000000084d00000, 0x0000000084d00000| Untracked 
|   8|0x0000000084e00000, 0x0000000084e00000, 0x0000000084f00000|  0%| F|  |TAMS 0x0000000084e00000, 0x0000000084e00000| Untracked 
|   9|0x0000000084f00000, 0x0000000084f00000, 0x0000000085000000|  0%| F|  |TAMS 0x0000000084f00000, 0x0000000084f00000| Untracked 
|  10|0x0000000085000000, 0x0000000085000000, 0x0000000085100000|  0%| F|  |TAMS 0x0000000085000000, 0x0000000085000000| Untracked 
|  11|0x0000000085100000, 0x0000000085100000, 0x0000000085200000|  0%| F|  |TAMS 0x0000000085100000, 0x0000000085100000| Untracked 
|  12|0x0000000085200000, 0x0000000085200000, 0x0000000085300000|  0%| F|  |TAMS 0x0000000085200000, 0x0000000085200000| Untracked 
|  13|0x0000000085300000, 0x0000000085300000, 0x0000000085400000|  0%| F|  |TAMS 0x0000000085300000, 0x0000000085300000| Untracked 
|  14|0x0000000085400000, 0x0000000085400000, 0x0000000085500000|  0%| F|  |TAMS 0x0000000085400000, 0x0000000085400000| Untracked 
|  15|0x0000000085500000, 0x0000000085500000, 0x0000000085600000|  0%| F|  |TAMS 0x0000000085500000, 0x0000000085500000| Untracked 
|  16|0x0000000085600000, 0x0000000085600000, 0x0000000085700000|  0%| F|  |TAMS 0x0000000085600000, 0x0000000085600000| Untracked 
|  17|0x0000000085700000, 0x0000000085700000, 0x0000000085800000|  0%| F|  |TAMS 0x0000000085700000, 0x0000000085700000| Untracked 
|  18|0x0000000085800000, 0x0000000085800000, 0x0000000085900000|  0%| F|  |TAMS 0x0000000085800000, 0x0000000085800000| Untracked 
|  19|0x0000000085900000, 0x0000000085900000, 0x0000000085a00000|  0%| F|  |TAMS 0x0000000085900000, 0x0000000085900000| Untracked 
|  20|0x0000000085a00000, 0x0000000085a00000, 0x0000000085b00000|  0%| F|  |TAMS 0x0000000085a00000, 0x0000000085a00000| Untracked 
|  21|0x0000000085b00000, 0x0000000085b00000, 0x0000000085c00000|  0%| F|  |TAMS 0x0000000085b00000, 0x0000000085b00000| Untracked 
|  22|0x0000000085c00000, 0x0000000085c00000, 0x0000000085d00000|  0%| F|  |TAMS 0x0000000085c00000, 0x0000000085c00000| Untracked 
|  23|0x0000000085d00000, 0x0000000085d00000, 0x0000000085e00000|  0%| F|  |TAMS 0x0000000085d00000, 0x0000000085d00000| Untracked 
|  24|0x0000000085e00000, 0x0000000085e00000, 0x0000000085f00000|  0%| F|  |TAMS 0x0000000085e00000, 0x0000000085e00000| Untracked 
|  25|0x0000000085f00000, 0x0000000085f00000, 0x0000000086000000|  0%| F|  |TAMS 0x0000000085f00000, 0x0000000085f00000| Untracked 
|  26|0x0000000086000000, 0x0000000086000000, 0x0000000086100000|  0%| F|  |TAMS 0x0000000086000000, 0x0000000086000000| Untracked 
|  27|0x0000000086100000, 0x0000000086100000, 0x0000000086200000|  0%| F|  |TAMS 0x0000000086100000, 0x0000000086100000| Untracked 
|  28|0x0000000086200000, 0x0000000086200000, 0x0000000086300000|  0%| F|  |TAMS 0x0000000086200000, 0x0000000086200000| Untracked 
|  29|0x0000000086300000, 0x0000000086300000, 0x0000000086400000|  0%| F|  |TAMS 0x0000000086300000, 0x0000000086300000| Untracked 
|  30|0x0000000086400000, 0x0000000086400000, 0x0000000086500000|  0%| F|  |TAMS 0x0000000086400000, 0x0000000086400000| Untracked 
|  31|0x0000000086500000, 0x0000000086500000, 0x0000000086600000|  0%| F|  |TAMS 0x0000000086500000, 0x0000000086500000| Untracked 
|  32|0x0000000086600000, 0x0000000086600000, 0x0000000086700000|  0%| F|  |TAMS 0x0000000086600000, 0x0000000086600000| Untracked 
|  33|0x0000000086700000, 0x0000000086700000, 0x0000000086800000|  0%| F|  |TAMS 0x0000000086700000, 0x0000000086700000| Untracked 
|  34|0x0000000086800000, 0x0000000086800000, 0x0000000086900000|  0%| F|  |TAMS 0x0000000086800000, 0x0000000086800000| Untracked 
|  35|0x0000000086900000, 0x0000000086900000, 0x0000000086a00000|  0%| F|  |TAMS 0x0000000086900000, 0x0000000086900000| Untracked 
|  36|0x0000000086a00000, 0x0000000086a00000, 0x0000000086b00000|  0%| F|  |TAMS 0x0000000086a00000, 0x0000000086a00000| Untracked 
|  37|0x0000000086b00000, 0x0000000086b00000, 0x0000000086c00000|  0%| F|  |TAMS 0x0000000086b00000, 0x0000000086b00000| Untracked 
|  38|0x0000000086c00000, 0x0000000086c00000, 0x0000000086d00000|  0%| F|  |TAMS 0x0000000086c00000, 0x0000000086c00000| Untracked 
|  39|0x0000000086d00000, 0x0000000086d00000, 0x0000000086e00000|  0%| F|  |TAMS 0x0000000086d00000, 0x0000000086d00000| Untracked 
|  40|0x0000000086e00000, 0x0000000086e00000, 0x0000000086f00000|  0%| F|  |TAMS 0x0000000086e00000, 0x0000000086e00000| Untracked 
|  41|0x0000000086f00000, 0x0000000086f00000, 0x0000000087000000|  0%| F|  |TAMS 0x0000000086f00000, 0x0000000086f00000| Untracked 
|  42|0x0000000087000000, 0x0000000087000000, 0x0000000087100000|  0%| F|  |TAMS 0x0000000087000000, 0x0000000087000000| Untracked 
|  43|0x0000000087100000, 0x0000000087100000, 0x0000000087200000|  0%| F|  |TAMS 0x0000000087100000, 0x0000000087100000| Untracked 
|  44|0x0000000087200000, 0x0000000087200000, 0x0000000087300000|  0%| F|  |TAMS 0x0000000087200000, 0x0000000087200000| Untracked 
|  45|0x0000000087300000, 0x0000000087300000, 0x0000000087400000|  0%| F|  |TAMS 0x0000000087300000, 0x0000000087300000| Untracked 
|  46|0x0000000087400000, 0x0000000087400000, 0x0000000087500000|  0%| F|  |TAMS 0x0000000087400000, 0x0000000087400000| Untracked 
|  47|0x0000000087500000, 0x0000000087500000, 0x0000000087600000|  0%| F|  |TAMS 0x0000000087500000, 0x0000000087500000| Untracked 
|  48|0x0000000087600000, 0x0000000087600000, 0x0000000087700000|  0%| F|  |TAMS 0x0000000087600000, 0x0000000087600000| Untracked 
|  49|0x0000000087700000, 0x0000000087700000, 0x0000000087800000|  0%| F|  |TAMS 0x0000000087700000, 0x0000000087700000| Untracked 
|  50|0x0000000087800000, 0x0000000087800000, 0x0000000087900000|  0%| F|  |TAMS 0x0000000087800000, 0x0000000087800000| Untracked 
|  51|0x0000000087900000, 0x0000000087900000, 0x0000000087a00000|  0%| F|  |TAMS 0x0000000087900000, 0x0000000087900000| Untracked 
|  52|0x0000000087a00000, 0x0000000087a00000, 0x0000000087b00000|  0%| F|  |TAMS 0x0000000087a00000, 0x0000000087a00000| Untracked 
|  53|0x0000000087b00000, 0x0000000087b00000, 0x0000000087c00000|  0%| F|  |TAMS 0x0000000087b00000, 0x0000000087b00000| Untracked 
|  54|0x0000000087c00000, 0x0000000087c00000, 0x0000000087d00000|  0%| F|  |TAMS 0x0000000087c00000, 0x0000000087c00000| Untracked 
|  55|0x0000000087d00000, 0x0000000087d00000, 0x0000000087e00000|  0%| F|  |TAMS 0x0000000087d00000, 0x0000000087d00000| Untracked 
|  56|0x0000000087e00000, 0x0000000087e00000, 0x0000000087f00000|  0%| F|  |TAMS 0x0000000087e00000, 0x0000000087e00000| Untracked 
|  57|0x0000000087f00000, 0x0000000087f00000, 0x0000000088000000|  0%| F|  |TAMS 0x0000000087f00000, 0x0000000087f00000| Untracked 
|  58|0x0000000088000000, 0x0000000088038bb0, 0x0000000088100000| 22%| S|CS|TAMS 0x0000000088000000, 0x0000000088000000| Complete 
|  59|0x0000000088100000, 0x0000000088200000, 0x0000000088200000|100%| S|CS|TAMS 0x0000000088100000, 0x0000000088100000| Complete 
|  60|0x0000000088200000, 0x0000000088300000, 0x0000000088300000|100%| S|CS|TAMS 0x0000000088200000, 0x0000000088200000| Complete 
|  61|0x0000000088300000, 0x0000000088400000, 0x0000000088400000|100%| S|CS|TAMS 0x0000000088300000, 0x0000000088300000| Complete 
|  62|0x0000000088400000, 0x0000000088500000, 0x0000000088500000|100%| S|CS|TAMS 0x0000000088400000, 0x0000000088400000| Complete 
|  63|0x0000000088500000, 0x0000000088600000, 0x0000000088600000|100%| S|CS|TAMS 0x0000000088500000, 0x0000000088500000| Complete 
|  64|0x0000000088600000, 0x0000000088700000, 0x0000000088700000|100%| S|CS|TAMS 0x0000000088600000, 0x0000000088600000| Complete 
|  65|0x0000000088700000, 0x0000000088800000, 0x0000000088800000|100%| S|CS|TAMS 0x0000000088700000, 0x0000000088700000| Complete 
|  66|0x0000000088800000, 0x0000000088800000, 0x0000000088900000|  0%| F|  |TAMS 0x0000000088800000, 0x0000000088800000| Untracked 
|  67|0x0000000088900000, 0x0000000088900000, 0x0000000088a00000|  0%| F|  |TAMS 0x0000000088900000, 0x0000000088900000| Untracked 
|  68|0x0000000088a00000, 0x0000000088a00000, 0x0000000088b00000|  0%| F|  |TAMS 0x0000000088a00000, 0x0000000088a00000| Untracked 
|  69|0x0000000088b00000, 0x0000000088b00000, 0x0000000088c00000|  0%| F|  |TAMS 0x0000000088b00000, 0x0000000088b00000| Untracked 
|  70|0x0000000088c00000, 0x0000000088c00000, 0x0000000088d00000|  0%| F|  |TAMS 0x0000000088c00000, 0x0000000088c00000| Untracked 
|  71|0x0000000088d00000, 0x0000000088d00000, 0x0000000088e00000|  0%| F|  |TAMS 0x0000000088d00000, 0x0000000088d00000| Untracked 
|  72|0x0000000088e00000, 0x0000000088e00000, 0x0000000088f00000|  0%| F|  |TAMS 0x0000000088e00000, 0x0000000088e00000| Untracked 
|  73|0x0000000088f00000, 0x0000000088f00000, 0x0000000089000000|  0%| F|  |TAMS 0x0000000088f00000, 0x0000000088f00000| Untracked 
|  74|0x0000000089000000, 0x0000000089000000, 0x0000000089100000|  0%| F|  |TAMS 0x0000000089000000, 0x0000000089000000| Untracked 
|  75|0x0000000089100000, 0x0000000089100000, 0x0000000089200000|  0%| F|  |TAMS 0x0000000089100000, 0x0000000089100000| Untracked 
|  76|0x0000000089200000, 0x0000000089200000, 0x0000000089300000|  0%| F|  |TAMS 0x0000000089200000, 0x0000000089200000| Untracked 
|  77|0x0000000089300000, 0x0000000089300000, 0x0000000089400000|  0%| F|  |TAMS 0x0000000089300000, 0x0000000089300000| Untracked 
|  78|0x0000000089400000, 0x0000000089400000, 0x0000000089500000|  0%| F|  |TAMS 0x0000000089400000, 0x0000000089400000| Untracked 
|  79|0x0000000089500000, 0x0000000089500000, 0x0000000089600000|  0%| F|  |TAMS 0x0000000089500000, 0x0000000089500000| Untracked 
|  80|0x0000000089600000, 0x0000000089600000, 0x0000000089700000|  0%| F|  |TAMS 0x0000000089600000, 0x0000000089600000| Untracked 
|  81|0x0000000089700000, 0x0000000089700000, 0x0000000089800000|  0%| F|  |TAMS 0x0000000089700000, 0x0000000089700000| Untracked 
|  82|0x0000000089800000, 0x0000000089800000, 0x0000000089900000|  0%| F|  |TAMS 0x0000000089800000, 0x0000000089800000| Untracked 
|  83|0x0000000089900000, 0x0000000089900000, 0x0000000089a00000|  0%| F|  |TAMS 0x0000000089900000, 0x0000000089900000| Untracked 
|  84|0x0000000089a00000, 0x0000000089a00000, 0x0000000089b00000|  0%| F|  |TAMS 0x0000000089a00000, 0x0000000089a00000| Untracked 
|  85|0x0000000089b00000, 0x0000000089b00000, 0x0000000089c00000|  0%| F|  |TAMS 0x0000000089b00000, 0x0000000089b00000| Untracked 
|  86|0x0000000089c00000, 0x0000000089c00000, 0x0000000089d00000|  0%| F|  |TAMS 0x0000000089c00000, 0x0000000089c00000| Untracked 
|  87|0x0000000089d00000, 0x0000000089d00000, 0x0000000089e00000|  0%| F|  |TAMS 0x0000000089d00000, 0x0000000089d00000| Untracked 
|  88|0x0000000089e00000, 0x0000000089e00000, 0x0000000089f00000|  0%| F|  |TAMS 0x0000000089e00000, 0x0000000089e00000| Untracked 
|  89|0x0000000089f00000, 0x0000000089f00000, 0x000000008a000000|  0%| F|  |TAMS 0x0000000089f00000, 0x0000000089f00000| Untracked 
|  90|0x000000008a000000, 0x000000008a000000, 0x000000008a100000|  0%| F|  |TAMS 0x000000008a000000, 0x000000008a000000| Untracked 
|  91|0x000000008a100000, 0x000000008a100000, 0x000000008a200000|  0%| F|  |TAMS 0x000000008a100000, 0x000000008a100000| Untracked 
|  92|0x000000008a200000, 0x000000008a200000, 0x000000008a300000|  0%| F|  |TAMS 0x000000008a200000, 0x000000008a200000| Untracked 
|  93|0x000000008a300000, 0x000000008a300000, 0x000000008a400000|  0%| F|  |TAMS 0x000000008a300000, 0x000000008a300000| Untracked 
|  94|0x000000008a400000, 0x000000008a400000, 0x000000008a500000|  0%| F|  |TAMS 0x000000008a400000, 0x000000008a400000| Untracked 
|  95|0x000000008a500000, 0x000000008a500000, 0x000000008a600000|  0%| F|  |TAMS 0x000000008a500000, 0x000000008a500000| Untracked 
|  96|0x000000008a600000, 0x000000008a600000, 0x000000008a700000|  0%| F|  |TAMS 0x000000008a600000, 0x000000008a600000| Untracked 
|  97|0x000000008a700000, 0x000000008a700000, 0x000000008a800000|  0%| F|  |TAMS 0x000000008a700000, 0x000000008a700000| Untracked 
|  98|0x000000008a800000, 0x000000008a800000, 0x000000008a900000|  0%| F|  |TAMS 0x000000008a800000, 0x000000008a800000| Untracked 
|  99|0x000000008a900000, 0x000000008a900000, 0x000000008aa00000|  0%| F|  |TAMS 0x000000008a900000, 0x000000008a900000| Untracked 
| 100|0x000000008aa00000, 0x000000008aa00000, 0x000000008ab00000|  0%| F|  |TAMS 0x000000008aa00000, 0x000000008aa00000| Untracked 
| 101|0x000000008ab00000, 0x000000008ab00000, 0x000000008ac00000|  0%| F|  |TAMS 0x000000008ab00000, 0x000000008ab00000| Untracked 
| 102|0x000000008ac00000, 0x000000008ac00000, 0x000000008ad00000|  0%| F|  |TAMS 0x000000008ac00000, 0x000000008ac00000| Untracked 
| 103|0x000000008ad00000, 0x000000008ad00000, 0x000000008ae00000|  0%| F|  |TAMS 0x000000008ad00000, 0x000000008ad00000| Untracked 
| 104|0x000000008ae00000, 0x000000008ae00000, 0x000000008af00000|  0%| F|  |TAMS 0x000000008ae00000, 0x000000008ae00000| Untracked 
| 105|0x000000008af00000, 0x000000008af00000, 0x000000008b000000|  0%| F|  |TAMS 0x000000008af00000, 0x000000008af00000| Untracked 
| 106|0x000000008b000000, 0x000000008b000000, 0x000000008b100000|  0%| F|  |TAMS 0x000000008b000000, 0x000000008b000000| Untracked 
| 107|0x000000008b100000, 0x000000008b100000, 0x000000008b200000|  0%| F|  |TAMS 0x000000008b100000, 0x000000008b100000| Untracked 
| 108|0x000000008b200000, 0x000000008b200000, 0x000000008b300000|  0%| F|  |TAMS 0x000000008b200000, 0x000000008b200000| Untracked 
| 109|0x000000008b300000, 0x000000008b300000, 0x000000008b400000|  0%| F|  |TAMS 0x000000008b300000, 0x000000008b300000| Untracked 
| 110|0x000000008b400000, 0x000000008b400000, 0x000000008b500000|  0%| F|  |TAMS 0x000000008b400000, 0x000000008b400000| Untracked 
| 111|0x000000008b500000, 0x000000008b500000, 0x000000008b600000|  0%| F|  |TAMS 0x000000008b500000, 0x000000008b500000| Untracked 
| 112|0x000000008b600000, 0x000000008b600000, 0x000000008b700000|  0%| F|  |TAMS 0x000000008b600000, 0x000000008b600000| Untracked 
| 113|0x000000008b700000, 0x000000008b700000, 0x000000008b800000|  0%| F|  |TAMS 0x000000008b700000, 0x000000008b700000| Untracked 
| 114|0x000000008b800000, 0x000000008b800000, 0x000000008b900000|  0%| F|  |TAMS 0x000000008b800000, 0x000000008b800000| Untracked 
| 115|0x000000008b900000, 0x000000008b900000, 0x000000008ba00000|  0%| F|  |TAMS 0x000000008b900000, 0x000000008b900000| Untracked 
| 116|0x000000008ba00000, 0x000000008bb00000, 0x000000008bb00000|100%| E|  |TAMS 0x000000008ba00000, 0x000000008ba00000| Complete 
| 117|0x000000008bb00000, 0x000000008bc00000, 0x000000008bc00000|100%| E|CS|TAMS 0x000000008bb00000, 0x000000008bb00000| Complete 
| 118|0x000000008bc00000, 0x000000008bd00000, 0x000000008bd00000|100%| E|CS|TAMS 0x000000008bc00000, 0x000000008bc00000| Complete 
| 119|0x000000008bd00000, 0x000000008be00000, 0x000000008be00000|100%| E|CS|TAMS 0x000000008bd00000, 0x000000008bd00000| Complete 
| 120|0x000000008be00000, 0x000000008bf00000, 0x000000008bf00000|100%| E|CS|TAMS 0x000000008be00000, 0x000000008be00000| Complete 
| 121|0x000000008bf00000, 0x000000008c000000, 0x000000008c000000|100%| E|CS|TAMS 0x000000008bf00000, 0x000000008bf00000| Complete 
| 122|0x000000008c000000, 0x000000008c100000, 0x000000008c100000|100%| E|CS|TAMS 0x000000008c000000, 0x000000008c000000| Complete 
| 123|0x000000008c100000, 0x000000008c200000, 0x000000008c200000|100%| E|CS|TAMS 0x000000008c100000, 0x000000008c100000| Complete 

Card table byte_map: [0x000001fdfc4c0000,0x000001fdfc8a0000] _byte_map_base: 0x000001fdfc09d000

Marking Bits (Prev, Next): (CMBitMap*) 0x000001fde4964268, (CMBitMap*) 0x000001fde49642a0
 Prev Bits: [0x000001fdfcc80000, 0x000001fdfeb68000)
 Next Bits: [0x000001fd80000000, 0x000001fd81ee8000)

Polling page: 0x000001fde40d0000

Metaspace:

Usage:
  Non-class:     31.31 MB capacity,    30.66 MB ( 98%) used,   538.02 KB (  2%) free+waste,   119.19 KB ( <1%) overhead. 
      Class:      4.38 MB capacity,     3.98 MB ( 91%) used,   350.20 KB (  8%) free+waste,    55.56 KB (  1%) overhead. 
       Both:     35.68 MB capacity,    34.64 MB ( 97%) used,   888.21 KB (  2%) free+waste,   174.75 KB ( <1%) overhead. 

Virtual space:
  Non-class space:       32.00 MB reserved,      31.38 MB ( 98%) committed 
      Class space:        1.00 GB reserved,       4.38 MB ( <1%) committed 
             Both:        1.03 GB reserved,      35.75 MB (  3%) committed 

Chunk freelists:
   Non-Class:  896 bytes
       Class:  0 bytes
        Both:  896 bytes

CodeHeap 'non-profiled nmethods': size=120000Kb used=1484Kb max_used=1484Kb free=118515Kb
 bounds [0x000001fdf4880000, 0x000001fdf4af0000, 0x000001fdfbdb0000]
CodeHeap 'profiled nmethods': size=120000Kb used=7663Kb max_used=7663Kb free=112336Kb
 bounds [0x000001fded350000, 0x000001fdedad0000, 0x000001fdf4880000]
CodeHeap 'non-nmethods': size=5760Kb used=1213Kb max_used=1266Kb free=4546Kb
 bounds [0x000001fdecdb0000, 0x000001fded020000, 0x000001fded350000]
 total_blobs=3786 nmethods=3331 adapters=374
 compilation: enabled
              stopped_count=0, restarted_count=0
 full_count=0

Compilation events (10 events):
Event: 12.756 Thread 0x000001fd83f5c000 3382       2       java.lang.reflect.ProxyGenerator$MethodInfo::write (283 bytes)
Event: 12.763 Thread 0x000001fd83f5c000 nmethod 3382 0x000001fdedabfd10 code [0x000001fdedac01c0, 0x000001fdedac1a48]
Event: 12.763 Thread 0x000001fd83f5c000 3378       2       java.lang.reflect.ProxyGenerator::getMethodDescriptor (37 bytes)
Event: 12.764 Thread 0x000001fd83f5c000 nmethod 3378 0x000001fdedac2610 code [0x000001fdedac2800, 0x000001fdedac2ba8]
Event: 12.764 Thread 0x000001fd83f5c000 3379       2       java.lang.reflect.ProxyGenerator$ConstantPool::getInterfaceMethodRef (33 bytes)
Event: 12.765 Thread 0x000001fd83f5c000 nmethod 3379 0x000001fdedac2d90 code [0x000001fdedac2fe0, 0x000001fdedac35a8]
Event: 12.765 Thread 0x000001fd83f5c000 3380       2       java.lang.reflect.ProxyGenerator$ProxyMethod::codeUnwrapReturnValue (213 bytes)
Event: 12.769 Thread 0x000001fd83f5c000 nmethod 3380 0x000001fdedac3910 code [0x000001fdedac3d00, 0x000001fdedac4da8]
Event: 12.769 Thread 0x000001fd83f5c000 3381       2       java.lang.reflect.ProxyGenerator::computeUniqueCatchList (163 bytes)
Event: 12.772 Thread 0x000001fd83f5c000 nmethod 3381 0x000001fdedac5810 code [0x000001fdedac5ae0, 0x000001fdedac6698]

GC Heap History (8 events):
Event: 3.280 GC heap before
{Heap before GC invocations=0 (full 0):
 garbage-first heap   total 126976K, used 23552K [0x0000000084600000, 0x0000000100000000)
  region size 1024K, 24 young (24576K), 0 survivors (0K)
 Metaspace       used 10906K, capacity 11088K, committed 11392K, reserved 1058816K
  class space    used 1031K, capacity 1100K, committed 1152K, reserved 1048576K
}
Event: 3.296 GC heap after
{Heap after GC invocations=1 (full 0):
 garbage-first heap   total 126976K, used 4458K [0x0000000084600000, 0x0000000100000000)
  region size 1024K, 3 young (3072K), 3 survivors (3072K)
 Metaspace       used 10906K, capacity 11088K, committed 11392K, reserved 1058816K
  class space    used 1031K, capacity 1100K, committed 1152K, reserved 1048576K
}
Event: 5.779 GC heap before
{Heap before GC invocations=1 (full 0):
 garbage-first heap   total 126976K, used 51562K [0x0000000084600000, 0x0000000100000000)
  region size 1024K, 51 young (52224K), 3 survivors (3072K)
 Metaspace       used 20605K, capacity 21138K, committed 21248K, reserved 1069056K
  class space    used 2246K, capacity 2483K, committed 2560K, reserved 1048576K
}
Event: 5.793 GC heap after
{Heap after GC invocations=2 (full 0):
 garbage-first heap   total 126976K, used 6608K [0x0000000084600000, 0x0000000100000000)
  region size 1024K, 6 young (6144K), 6 survivors (6144K)
 Metaspace       used 20605K, capacity 21138K, committed 21248K, reserved 1069056K
  class space    used 2246K, capacity 2483K, committed 2560K, reserved 1048576K
}
Event: 7.813 GC heap before
{Heap before GC invocations=3 (full 0):
 garbage-first heap   total 126976K, used 55760K [0x0000000084600000, 0x0000000100000000)
  region size 1024K, 54 young (55296K), 6 survivors (6144K)
 Metaspace       used 26721K, capacity 27402K, committed 27648K, reserved 1073152K
  class space    used 3002K, capacity 3260K, committed 3328K, reserved 1048576K
}
Event: 7.824 GC heap after
{Heap after GC invocations=4 (full 0):
 garbage-first heap   total 126976K, used 8417K [0x0000000084600000, 0x0000000100000000)
  region size 1024K, 4 young (4096K), 4 survivors (4096K)
 Metaspace       used 26721K, capacity 27402K, committed 27648K, reserved 1073152K
  class space    used 3002K, capacity 3260K, committed 3328K, reserved 1048576K
}
Event: 11.916 GC heap before
{Heap before GC invocations=4 (full 0):
 garbage-first heap   total 126976K, used 62689K [0x0000000084600000, 0x0000000100000000)
  region size 1024K, 58 young (59392K), 4 survivors (4096K)
 Metaspace       used 34650K, capacity 35666K, committed 35840K, reserved 1081344K
  class space    used 3965K, capacity 4367K, committed 4480K, reserved 1048576K
}
Event: 11.934 GC heap after
{Heap after GC invocations=5 (full 0):
 garbage-first heap   total 126976K, used 11848K [0x0000000084600000, 0x0000000100000000)
  region size 1024K, 8 young (8192K), 8 survivors (8192K)
 Metaspace       used 34650K, capacity 35666K, committed 35840K, reserved 1081344K
  class space    used 3965K, capacity 4367K, committed 4480K, reserved 1048576K
}

Deoptimization events (10 events):
Event: 9.507 Thread 0x000001fd851c9800 Uncommon trap: reason=unstable_if action=reinterpret pc=0x000001fdf4931b84 method=java.util.LinkedHashMap.get(Ljava/lang/Object;)Ljava/lang/Object; @ 20 c2
Event: 10.205 Thread 0x000001fd851c9800 Uncommon trap: reason=unstable_if action=reinterpret pc=0x000001fdf48b2f28 method=java.lang.StringCoding.encodeUTF8(B[BZ)[B @ 18 c2
Event: 10.391 Thread 0x000001fd851c9800 Uncommon trap: reason=unstable_if action=reinterpret pc=0x000001fdf49a23a8 method=java.util.Properties.loadConvert([CIILjava/lang/StringBuilder;)Ljava/lang/String; @ 130 c2
Event: 10.462 Thread 0x000001fd851c9800 Uncommon trap: reason=unstable_if action=reinterpret pc=0x000001fdf496c240 method=jdk.internal.jimage.ImageLocation.verify(Ljava/lang/String;Ljava/lang/String;[JLjdk/internal/jimage/ImageStrings;)Z @ 18 c2
Event: 10.757 Thread 0x000001fd851c9800 Uncommon trap: reason=bimorphic_or_optimized_type_check action=maybe_recompile pc=0x000001fdf49556b4 method=java.util.HashMap.putVal(ILjava/lang/Object;Ljava/lang/Object;ZZ)Ljava/lang/Object; @ 203 c2
Event: 10.758 Thread 0x000001fd851c9800 Uncommon trap: reason=bimorphic_or_optimized_type_check action=maybe_recompile pc=0x000001fdf4957d10 method=java.util.HashMap.putVal(ILjava/lang/Object;Ljava/lang/Object;ZZ)Ljava/lang/Object; @ 203 c2
Event: 10.817 Thread 0x000001fd851c9800 Uncommon trap: reason=unstable_if action=reinterpret pc=0x000001fdf48c4520 method=java.util.jar.JarFile.getVersionedEntry(Ljava/lang/String;Ljava/util/jar/JarEntry;)Ljava/util/jar/JarEntry; @ 7 c2
Event: 11.011 Thread 0x000001fd851c9800 Uncommon trap: reason=null_check action=make_not_entrant pc=0x000001fdf4937ec4 method=java.net.URL.getURLStreamHandler(Ljava/lang/String;)Ljava/net/URLStreamHandler; @ 7 c2
Event: 11.587 Thread 0x000001fd851c9800 Uncommon trap: reason=unstable_if action=reinterpret pc=0x000001fdf48ea4bc method=sun.net.www.ParseUtil.firstEncodeIndex(Ljava/lang/String;)I @ 51 c2
Event: 12.800 Thread 0x000001fd851c9800 Uncommon trap: reason=unstable_if action=reinterpret pc=0x000001fdf49e2728 method=org.springframework.util.ConcurrentReferenceHashMap$Segment.findInChain(Lorg/springframework/util/ConcurrentReferenceHashMap$Reference;Ljava/lang/Object;I)Lorg/springframewo

Classes redefined (0 events):
No events

Internal exceptions (10 events):
Event: 9.386 Thread 0x000001fd851c9800 Exception <a 'java/lang/NoSuchMethodError'{0x000000008a70e6c0}: java.lang.invoke.DirectMethodHandle$Holder.invokeStatic(Ljava/lang/Object;ILjava/lang/Object;)V> (0x000000008a70e6c0) thrown at [./open/src/hotspot/share/interpreter/linkResolver.cpp, line 77
Event: 9.571 Thread 0x000001fd851c9800 Exception <a 'java/lang/NoSuchMethodError'{0x000000008a54bc20}: java.lang.invoke.DirectMethodHandle$Holder.invokeStaticInit(Ljava/lang/Object;IIII)Ljava/lang/Object;> (0x000000008a54bc20) thrown at [./open/src/hotspot/share/interpreter/linkResolver.cpp, l
Event: 10.224 Thread 0x000001fd851c9800 Exception <a 'java/lang/NoSuchMethodError'{0x000000008a5b2620}: java.lang.invoke.DirectMethodHandle$Holder.invokeStaticInit(Ljava/lang/Object;Ljava/lang/Object;IIII)Ljava/lang/Object;> (0x000000008a5b2620) thrown at [./open/src/hotspot/share/interpreter/l
Event: 10.868 Thread 0x000001fd851c9800 Exception <a 'sun/nio/fs/WindowsException'{0x0000000089835558}> (0x0000000089835558) thrown at [./open/src/hotspot/share/prims/jni.cpp, line 611]
Event: 10.871 Thread 0x000001fd851c9800 Exception <a 'sun/nio/fs/WindowsException'{0x000000008983b378}> (0x000000008983b378) thrown at [./open/src/hotspot/share/prims/jni.cpp, line 611]
Event: 10.874 Thread 0x000001fd851c9800 Exception <a 'sun/nio/fs/WindowsException'{0x000000008983bab0}> (0x000000008983bab0) thrown at [./open/src/hotspot/share/prims/jni.cpp, line 611]
Event: 11.011 Thread 0x000001fd851c9800 Implicit null exception at 0x000001fdf4936607 to 0x000001fdf4937eb4
Event: 11.480 Thread 0x000001fd851c9800 Exception <a 'java/io/FileNotFoundException'{0x0000000088e239e8}> (0x0000000088e239e8) thrown at [./open/src/hotspot/share/prims/jni.cpp, line 611]
Event: 11.541 Thread 0x000001fd851c9800 Exception <a 'java/lang/NoSuchMethodError'{0x0000000088de04f0}: java.lang.invoke.DirectMethodHandle$Holder.invokeInterface(Ljava/lang/Object;Ljava/lang/Object;Ljava/lang/Object;Ljava/lang/Object;)I> (0x0000000088de04f0) thrown at [./open/src/hotspot/share
Event: 12.146 Thread 0x000001fd851c9800 Exception <a 'java/io/FileNotFoundException'{0x000000008bf12310}> (0x000000008bf12310) thrown at [./open/src/hotspot/share/prims/jni.cpp, line 611]

Events (10 events):
Event: 12.841 loading class com/fasterxml/jackson/core/StreamWriteFeature
Event: 12.841 loading class com/fasterxml/jackson/core/StreamWriteFeature done
Event: 12.845 loading class com/fasterxml/jackson/core/type/TypeReference
Event: 12.845 loading class com/fasterxml/jackson/core/type/TypeReference done
Event: 12.846 loading class com/fasterxml/jackson/databind/ObjectMapper$DefaultTyping
Event: 12.846 loading class com/fasterxml/jackson/databind/ObjectMapper$DefaultTyping done
Event: 12.851 loading class com/fasterxml/jackson/databind/ObjectReader
Event: 12.851 loading class com/fasterxml/jackson/databind/ObjectReader done
Event: 12.856 loading class com/fasterxml/jackson/core/FormatSchema
Event: 12.856 loading class com/fasterxml/jackson/core/FormatSchema done


Dynamic libraries:
0x00007ff65c180000 - 0x00007ff65c18f000 	C:\Program Files\Java\jdk-11.0.12\bin\java.exe
0x00007ffee9380000 - 0x00007ffee9589000 	C:\WINDOWS\SYSTEM32\ntdll.dll
0x00007ffee83a0000 - 0x00007ffee845d000 	C:\WINDOWS\System32\KERNEL32.DLL
0x00007ffee6990000 - 0x00007ffee6d04000 	C:\WINDOWS\System32\KERNELBASE.dll
0x00007ffee6870000 - 0x00007ffee6981000 	C:\WINDOWS\System32\ucrtbase.dll
0x00007ffeb4120000 - 0x00007ffeb4135000 	C:\Program Files\Java\jdk-11.0.12\bin\VCRUNTIME140.dll
0x00007ffebadf0000 - 0x00007ffebae08000 	C:\Program Files\Java\jdk-11.0.12\bin\jli.dll
0x00007ffee8240000 - 0x00007ffee82ee000 	C:\WINDOWS\System32\ADVAPI32.dll
0x00007ffee87e0000 - 0x00007ffee8883000 	C:\WINDOWS\System32\msvcrt.dll
0x00007ffee7ff0000 - 0x00007ffee808e000 	C:\WINDOWS\System32\sechost.dll
0x00007ffee8e30000 - 0x00007ffee8f50000 	C:\WINDOWS\System32\RPCRT4.dll
0x00007ffee8090000 - 0x00007ffee823c000 	C:\WINDOWS\System32\USER32.dll
0x00007ffee6f70000 - 0x00007ffee6f96000 	C:\WINDOWS\System32\win32u.dll
0x00007ffee7e40000 - 0x00007ffee7e69000 	C:\WINDOWS\System32\GDI32.dll
0x00007ffee6e50000 - 0x00007ffee6f62000 	C:\WINDOWS\System32\gdi32full.dll
0x00007ffee7010000 - 0x00007ffee70ad000 	C:\WINDOWS\System32\msvcp_win.dll
0x00007ffedb1f0000 - 0x00007ffedb1fa000 	C:\WINDOWS\SYSTEM32\VERSION.dll
0x00007ffec8190000 - 0x00007ffec8435000 	C:\WINDOWS\WinSxS\amd64_microsoft.windows.common-controls_6595b64144ccf1df_6.0.22000.120_none_9d947278b86cc467\COMCTL32.dll
0x00007ffee8360000 - 0x00007ffee8391000 	C:\WINDOWS\System32\IMM32.DLL
0x00007ffee6610000 - 0x00007ffee6712000 	C:\Program Files\Avecto\Privilege Guard Client\PGHook.dll
0x0000000068000000 - 0x0000000068072000 	C:\WINDOWS\System32\QIPCAP64.dll
0x00007ffee7690000 - 0x00007ffee7e3f000 	C:\WINDOWS\System32\SHELL32.dll
0x00007ffee52b0000 - 0x00007ffee5398000 	C:\WINDOWS\SYSTEM32\DNSAPI.dll
0x00007ffee5280000 - 0x00007ffee52ad000 	C:\WINDOWS\SYSTEM32\IPHLPAPI.DLL
0x00007ffee82f0000 - 0x00007ffee82f9000 	C:\WINDOWS\System32\NSI.dll
0x00007ffe441d0000 - 0x00007ffe4426b000 	C:\Program Files\Java\jdk-11.0.12\bin\msvcp140.dll
0x00007ffdeb260000 - 0x00007ffdebd5f000 	C:\Program Files\Java\jdk-11.0.12\bin\server\jvm.dll
0x000001fde4030000 - 0x000001fde4038000 	C:\WINDOWS\System32\PSAPI.DLL
0x00007ffec9af0000 - 0x00007ffec9af9000 	C:\WINDOWS\SYSTEM32\WSOCK32.dll
0x000001fde4040000 - 0x000001fde40af000 	C:\WINDOWS\System32\WS2_32.dll
0x00007ffedbce0000 - 0x00007ffedbd13000 	C:\WINDOWS\SYSTEM32\WINMM.dll
0x00007ffee5750000 - 0x00007ffee5768000 	C:\WINDOWS\SYSTEM32\kernel.appcore.dll
0x00007ffece750000 - 0x00007ffece760000 	C:\Program Files\Java\jdk-11.0.12\bin\verify.dll
0x00007ffee1590000 - 0x00007ffee17b1000 	C:\WINDOWS\SYSTEM32\DBGHELP.DLL
0x00007ffec8590000 - 0x00007ffec85c1000 	C:\WINDOWS\SYSTEM32\dbgcore.DLL
0x00007ffee6d10000 - 0x00007ffee6d8f000 	C:\WINDOWS\System32\bcryptPrimitives.dll
0x00007ffeb40f0000 - 0x00007ffeb4118000 	C:\Program Files\Java\jdk-11.0.12\bin\java.dll
0x00007ffece880000 - 0x00007ffece88a000 	C:\Program Files\Java\jdk-11.0.12\bin\jimage.dll
0x00007ffe93010000 - 0x00007ffe93048000 	C:\Program Files\Java\jdk-11.0.12\bin\jdwp.dll
0x00007ffedf260000 - 0x00007ffedf26e000 	C:\Program Files\Java\jdk-11.0.12\bin\instrument.dll
0x00007ffec6f90000 - 0x00007ffec6fa6000 	C:\Program Files\Java\jdk-11.0.12\bin\zip.dll
0x00007ffee0040000 - 0x00007ffee08a8000 	C:\WINDOWS\SYSTEM32\windows.storage.dll
0x00007ffee8460000 - 0x00007ffee87d8000 	C:\WINDOWS\System32\combase.dll
0x00007ffedfdc0000 - 0x00007ffedff26000 	C:\WINDOWS\SYSTEM32\wintypes.dll
0x000001fdfff00000 - 0x000001fdfffea000 	C:\WINDOWS\System32\SHCORE.dll
0x00007ffee92e0000 - 0x00007ffee933d000 	C:\WINDOWS\System32\shlwapi.dll
0x00007ffee67a0000 - 0x00007ffee67c1000 	C:\WINDOWS\SYSTEM32\profapi.dll
0x00007ffedf1f0000 - 0x00007ffedf1fa000 	C:\Program Files\Java\jdk-11.0.12\bin\dt_socket.dll
0x00007ffee5c90000 - 0x00007ffee5cf7000 	C:\WINDOWS\system32\mswsock.dll
0x00007ffebeee0000 - 0x00007ffebeef9000 	C:\Program Files\Java\jdk-11.0.12\bin\net.dll
0x00007ffee5770000 - 0x00007ffee587c000 	C:\WINDOWS\SYSTEM32\WINHTTP.dll
0x00007ffeb40d0000 - 0x00007ffeb40e2000 	C:\Program Files\Java\jdk-11.0.12\bin\nio.dll
0x00007ffedf050000 - 0x00007ffedf059000 	C:\Program Files\Java\jdk-11.0.12\bin\management.dll
0x00007ffedefb0000 - 0x00007ffedefbb000 	C:\Program Files\Java\jdk-11.0.12\bin\management_ext.dll
0x00007ffed0440000 - 0x00007ffed0457000 	C:\WINDOWS\system32\napinsp.dll
0x00007ffed0420000 - 0x00007ffed043b000 	C:\WINDOWS\system32\pnrpnsp.dll
0x00007ffed03e0000 - 0x00007ffed03f2000 	C:\WINDOWS\System32\winrnr.dll
0x00007ffed8ce0000 - 0x00007ffed8cf5000 	C:\WINDOWS\system32\wshbth.dll
0x00007ffed0380000 - 0x00007ffed039f000 	C:\WINDOWS\system32\nlansp_c.dll
0x00007ffed1230000 - 0x00007ffed123a000 	C:\Windows\System32\rasadhlp.dll
0x00007ffedb8b0000 - 0x00007ffedb931000 	C:\WINDOWS\System32\fwpuclnt.dll
0x00007ffee5ee0000 - 0x00007ffee5ef8000 	C:\WINDOWS\SYSTEM32\CRYPTSP.dll
0x00007ffee56b0000 - 0x00007ffee56e5000 	C:\WINDOWS\system32\rsaenh.dll
0x00007ffee5d80000 - 0x00007ffee5da9000 	C:\WINDOWS\SYSTEM32\USERENV.dll
0x00007ffee6050000 - 0x00007ffee6077000 	C:\WINDOWS\SYSTEM32\bcrypt.dll
0x00007ffee5ed0000 - 0x00007ffee5edc000 	C:\WINDOWS\SYSTEM32\CRYPTBASE.dll
0x00007ffedb660000 - 0x00007ffedb679000 	C:\WINDOWS\SYSTEM32\dhcpcsvc6.DLL
0x00007ffedb940000 - 0x00007ffedb95e000 	C:\WINDOWS\SYSTEM32\dhcpcsvc.DLL
0x00007ffedea70000 - 0x00007ffedea7d000 	C:\Program Files\Java\jdk-11.0.12\bin\sunmscapi.dll
0x00007ffee70b0000 - 0x00007ffee7212000 	C:\WINDOWS\System32\CRYPT32.dll
0x00007ffee6020000 - 0x00007ffee6048000 	C:\WINDOWS\SYSTEM32\ncrypt.dll
0x00007ffee5fe0000 - 0x00007ffee6017000 	C:\WINDOWS\SYSTEM32\NTASN1.dll
0x00007ffeadd60000 - 0x00007ffeadd85000 	C:\Program Files\Java\jdk-11.0.12\bin\sunec.dll

dbghelp: loaded successfully - version: 4.0.5 - missing functions: none
symbol engine: initialized successfully - sym options: 0x614 - pdb path: .;C:\Program Files\Java\jdk-11.0.12\bin;C:\WINDOWS\SYSTEM32;C:\WINDOWS\WinSxS\amd64_microsoft.windows.common-controls_6595b64144ccf1df_6.0.22000.120_none_9d947278b86cc467;C:\Program Files\Avecto\Privilege Guard Client;C:\Program Files\Java\jdk-11.0.12\bin\server

VM Arguments:
jvm_args: -agentlib:jdwp=transport=dt_socket,address=127.0.0.1:50417,suspend=y,server=n -javaagent:C:\Users\mahesh.joshi\AppData\Local\JetBrains\IdeaIC2021.3\captureAgent\debugger-agent.jar -Dfile.encoding=UTF-8 
java_command: com.tui.RepoApplication
java_class_path (initial): C:\test\tui\target\classes;C:\Users\mahesh.joshi\.m2\repository\org\springframework\boot\spring-boot-starter-web\2.6.7\spring-boot-starter-web-2.6.7.jar;C:\Users\mahesh.joshi\.m2\repository\org\springframework\boot\spring-boot-starter\2.6.7\spring-boot-starter-2.6.7.jar;C:\Users\mahesh.joshi\.m2\repository\org\springframework\boot\spring-boot-starter-logging\2.6.7\spring-boot-starter-logging-2.6.7.jar;C:\Users\mahesh.joshi\.m2\repository\ch\qos\logback\logback-classic\1.2.11\logback-classic-1.2.11.jar;C:\Users\mahesh.joshi\.m2\repository\ch\qos\logback\logback-core\1.2.11\logback-core-1.2.11.jar;C:\Users\mahesh.joshi\.m2\repository\org\apache\logging\log4j\log4j-to-slf4j\2.17.2\log4j-to-slf4j-2.17.2.jar;C:\Users\mahesh.joshi\.m2\repository\org\apache\logging\log4j\log4j-api\2.17.2\log4j-api-2.17.2.jar;C:\Users\mahesh.joshi\.m2\repository\org\slf4j\jul-to-slf4j\1.7.36\jul-to-slf4j-1.7.36.jar;C:\Users\mahesh.joshi\.m2\repository\jakarta\annotation\jakarta.annotation-api\1.3.5\jakarta.annotation-api-1.3.5.jar;C:\Users\mahesh.joshi\.m2\repository\org\yaml\snakeyaml\1.29\snakeyaml-1.29.jar;C:\Users\mahesh.joshi\.m2\repository\org\springframework\boot\spring-boot-starter-json\2.6.7\spring-boot-starter-json-2.6.7.jar;C:\Users\mahesh.joshi\.m2\repository\com\fasterxml\jackson\core\jackson-databind\2.13.2.1\jackson-databind-2.13.2.1.jar;C:\Users\mahesh.joshi\.m2\repository\com\fasterxml\jackson\core\jackson-core\2.13.2\jackson-core-2.13.2.jar;C:\Users\mahesh.joshi\.m2\repository\com\fasterxml\jackson\datatype\jackson-datatype-jdk8\2.13.2\jackson-datatype-jdk8-2.13.2.jar;C:\Users\mahesh.joshi\.m2\repository\com\fasterxml\jackson\datatype\jackson-datatype-jsr310\2.13.2\jackson-datatype-jsr310-2.13.2.jar;C:\Users\mahesh.joshi\.m2\repository\com\fasterxml\jackson\module\jackson-module-parameter-names\2.13.2\jackson-module-parameter-names-2.13.2.jar;C:\Users\mahesh.joshi\.m2\repository\org\springframework\boot\spring-boot-starter-tomcat\2.6.7\spring-b
Launcher Type: SUN_STANDARD

[Global flags]
     intx CICompilerCount                          = 4                                         {product} {ergonomic}
     uint ConcGCThreads                            = 2                                         {product} {ergonomic}
     uint G1ConcRefinementThreads                  = 8                                         {product} {ergonomic}
   size_t G1HeapRegionSize                         = 1048576                                   {product} {ergonomic}
    uintx GCDrainStackTargetSize                   = 64                                        {product} {ergonomic}
   size_t InitialHeapSize                          = 130023424                                 {product} {ergonomic}
   size_t MarkStackSize                            = 4194304                                   {product} {ergonomic}
   size_t MaxHeapSize                              = 2074083328                                {product} {ergonomic}
   size_t MaxNewSize                               = 1243611136                                {product} {ergonomic}
   size_t MinHeapDeltaBytes                        = 1048576                                   {product} {ergonomic}
    uintx NonNMethodCodeHeapSize                   = 5836300                                {pd product} {ergonomic}
    uintx NonProfiledCodeHeapSize                  = 122910970                              {pd product} {ergonomic}
    uintx ProfiledCodeHeapSize                     = 122910970                              {pd product} {ergonomic}
    uintx ReservedCodeCacheSize                    = 251658240                              {pd product} {ergonomic}
     bool SegmentedCodeCache                       = true                                      {product} {ergonomic}
     bool UseCompressedClassPointers               = true                                 {lp64_product} {ergonomic}
     bool UseCompressedOops                        = true                                 {lp64_product} {ergonomic}
     bool UseG1GC                                  = true                                      {product} {ergonomic}
     bool UseLargePagesIndividualAllocation        = false                                  {pd product} {ergonomic}

Logging:
Log output configuration:
 #0: stdout all=warning uptime,level,tags
 #1: stderr all=off uptime,level,tags

Environment Variables:
PATH=C:\Program Files\Common Files\Oracle\Java\javapath;C:\WINDOWS\system32;C:\WINDOWS;C:\WINDOWS\System32\Wbem;C:\WINDOWS\System32\WindowsPowerShell\v1.0\;C:\WINDOWS\System32\OpenSSH\;C:\Program Files (x86)\Pulse Secure\VC142.CRT\X64\;C:\Program Files (x86)\Pulse Secure\VC142.CRT\X86\;C:\Program Files (x86)\Common Files\Pulse Secure\VC142.CRT\X64\;C:\Program Files (x86)\Common Files\Pulse Secure\VC142.CRT\X86\;C:\code\apache-maven-3.8.4\bin;C:\Users\mahesh.joshi\AppData\Local\Microsoft\WindowsApps;
USERNAME=mahesh.joshi
OS=Windows_NT
PROCESSOR_IDENTIFIER=Intel64 Family 6 Model 142 Stepping 12, GenuineIntel



---------------  S Y S T E M  ---------------

OS: Windows 10 , 64 bit Build 22000 (10.0.22000.613)

CPU:total 8 (initial active 8) (4 cores per cpu, 2 threads per core) family 6 model 142 stepping 12 microcode 0xea, cmov, cx8, fxsr, mmx, sse, sse2, sse3, ssse3, sse4.1, sse4.2, popcnt, avx, avx2, aes, clmul, erms, 3dnowpref, lzcnt, ht, tsc, tscinvbit, bmi1, bmi2, adx, fma

Memory: 4k page, system-wide physical 7907M (300M free)
TotalPageFile size 22931M (AvailPageFile size 4M)
current process WorkingSet (physical memory assigned to process): 184M, peak: 212M
current process commit charge ("private bytes"): 279M, peak: 313M

vm_info: Java HotSpot(TM) 64-Bit Server VM (11.0.12+8-LTS-237) for windows-amd64 JRE (11.0.12+8-LTS-237), built on Jun  8 2021 11:25:59 by "mach5one" with MS VC++ 15.9 (VS2017)

END.
